<?xml version="1.0" encoding="UTF-8"?>
<robot generator="Robot 6.1.1 (Python 3.10.12 on linux)" generated="20231114 13:44:02.615" rpa="false" schemaversion="4">
<suite id="s1" name="Tests" source="/home/turunenv/koulu/ohtu/ohtu-s23-palautukset/viikko3/hello-robot/src/tests">
<suite id="s1-s1" name="Increase Counter" source="/home/turunenv/koulu/ohtu/ohtu-s23-palautukset/viikko3/hello-robot/src/tests/increase_counter.robot">
<test id="s1-s1-t1" name="Increase Counter Once" line="5">
<kw name="Counter Value Should Be" library="CounterLibrary">
<arg>0</arg>
<status status="PASS" starttime="20231114 13:44:02.645" endtime="20231114 13:44:02.645"/>
</kw>
<kw name="Increase Counter" library="CounterLibrary">
<status status="PASS" starttime="20231114 13:44:02.645" endtime="20231114 13:44:02.646"/>
</kw>
<kw name="Counter Value Should Be" library="CounterLibrary">
<arg>1</arg>
<status status="PASS" starttime="20231114 13:44:02.646" endtime="20231114 13:44:02.646"/>
</kw>
<status status="PASS" starttime="20231114 13:44:02.644" endtime="20231114 13:44:02.646"/>
</test>
<test id="s1-s1-t2" name="Increase Counter Three Times" line="10">
<kw name="Increase Counter Three Times" library="resource">
<kw name="Increase Counter" library="CounterLibrary">
<status status="PASS" starttime="20231114 13:44:02.647" endtime="20231114 13:44:02.648"/>
</kw>
<kw name="Increase Counter" library="CounterLibrary">
<status status="PASS" starttime="20231114 13:44:02.648" endtime="20231114 13:44:02.648"/>
</kw>
<kw name="Increase Counter" library="CounterLibrary">
<status status="PASS" starttime="20231114 13:44:02.648" endtime="20231114 13:44:02.648"/>
</kw>
<status status="PASS" starttime="20231114 13:44:02.647" endtime="20231114 13:44:02.648"/>
</kw>
<kw name="Counter Value Should Be" library="CounterLibrary">
<arg>3</arg>
<status status="PASS" starttime="20231114 13:44:02.648" endtime="20231114 13:44:02.648"/>
</kw>
<status status="PASS" starttime="20231114 13:44:02.647" endtime="20231114 13:44:02.648"/>
</test>
<test id="s1-s1-t3" name="Increase Counter Many Times" line="14">
<kw name="Counter Value Should Be" library="CounterLibrary">
<arg>0</arg>
<status status="PASS" starttime="20231114 13:44:02.649" endtime="20231114 13:44:02.649"/>
</kw>
<kw name="Increase Counter" library="CounterLibrary">
<status status="PASS" starttime="20231114 13:44:02.650" endtime="20231114 13:44:02.650"/>
</kw>
<kw name="Increase Counter" library="CounterLibrary">
<status status="PASS" starttime="20231114 13:44:02.650" endtime="20231114 13:44:02.655"/>
</kw>
<kw name="Increase Counter" library="CounterLibrary">
<status status="PASS" starttime="20231114 13:44:02.656" endtime="20231114 13:44:02.656"/>
</kw>
<kw name="Counter Value Should Be" library="CounterLibrary">
<arg>3</arg>
<status status="PASS" starttime="20231114 13:44:02.656" endtime="20231114 13:44:02.656"/>
</kw>
<status status="PASS" starttime="20231114 13:44:02.649" endtime="20231114 13:44:02.656"/>
</test>
<test id="s1-s1-t4" name="Increment Counter By Amount" line="21">
<kw name="Counter Value Should Be" library="CounterLibrary">
<arg>0</arg>
<status status="PASS" starttime="20231114 13:44:02.657" endtime="20231114 13:44:02.657"/>
</kw>
<kw name="Increment Counter By" library="CounterLibrary">
<arg>5</arg>
<status status="PASS" starttime="20231114 13:44:02.657" endtime="20231114 13:44:02.657"/>
</kw>
<kw name="Counter Value Should Be" library="CounterLibrary">
<arg>5</arg>
<status status="PASS" starttime="20231114 13:44:02.658" endtime="20231114 13:44:02.658"/>
</kw>
<status status="PASS" starttime="20231114 13:44:02.657" endtime="20231114 13:44:02.658"/>
</test>
<status status="PASS" starttime="20231114 13:44:02.638" endtime="20231114 13:44:02.658"/>
</suite>
<suite id="s1-s2" name="Reset Counter" source="/home/turunenv/koulu/ohtu/ohtu-s23-palautukset/viikko3/hello-robot/src/tests/reset_counter.robot">
<test id="s1-s2-t1" name="Reset Counter After One Increment" line="5">
<kw name="Counter Value Should Be" library="CounterLibrary">
<arg>0</arg>
<status status="PASS" starttime="20231114 13:44:02.661" endtime="20231114 13:44:02.661"/>
</kw>
<kw name="Increase Counter" library="CounterLibrary">
<status status="PASS" starttime="20231114 13:44:02.661" endtime="20231114 13:44:02.662"/>
</kw>
<kw name="Counter Value Should Be" library="CounterLibrary">
<arg>1</arg>
<status status="PASS" starttime="20231114 13:44:02.662" endtime="20231114 13:44:02.662"/>
</kw>
<kw name="Reset Counter" library="CounterLibrary">
<status status="PASS" starttime="20231114 13:44:02.662" endtime="20231114 13:44:02.662"/>
</kw>
<kw name="Counter Value Should Be" library="CounterLibrary">
<arg>0</arg>
<status status="PASS" starttime="20231114 13:44:02.662" endtime="20231114 13:44:02.662"/>
</kw>
<status status="PASS" starttime="20231114 13:44:02.661" endtime="20231114 13:44:02.662"/>
</test>
<test id="s1-s2-t2" name="Reset Counter After Several Increments" line="12">
<kw name="Counter Value Should Be" library="CounterLibrary">
<arg>0</arg>
<status status="PASS" starttime="20231114 13:44:02.663" endtime="20231114 13:44:02.663"/>
</kw>
<kw name="Increment Counter By" library="CounterLibrary">
<arg>5</arg>
<status status="PASS" starttime="20231114 13:44:02.663" endtime="20231114 13:44:02.663"/>
</kw>
<kw name="Counter Value Should Be" library="CounterLibrary">
<arg>5</arg>
<status status="PASS" starttime="20231114 13:44:02.663" endtime="20231114 13:44:02.663"/>
</kw>
<kw name="Reset Counter" library="CounterLibrary">
<status status="PASS" starttime="20231114 13:44:02.663" endtime="20231114 13:44:02.663"/>
</kw>
<kw name="Counter Value Should Be" library="CounterLibrary">
<arg>0</arg>
<status status="PASS" starttime="20231114 13:44:02.664" endtime="20231114 13:44:02.664"/>
</kw>
<status status="PASS" starttime="20231114 13:44:02.662" endtime="20231114 13:44:02.664"/>
</test>
<status status="PASS" starttime="20231114 13:44:02.659" endtime="20231114 13:44:02.664"/>
</suite>
<status status="PASS" starttime="20231114 13:44:02.616" endtime="20231114 13:44:02.665"/>
</suite>
<statistics>
<total>
<stat pass="6" fail="0" skip="0">All Tests</stat>
</total>
<tag>
</tag>
<suite>
<stat pass="6" fail="0" skip="0" id="s1" name="Tests">Tests</stat>
<stat pass="4" fail="0" skip="0" id="s1-s1" name="Increase Counter">Tests.Increase Counter</stat>
<stat pass="2" fail="0" skip="0" id="s1-s2" name="Reset Counter">Tests.Reset Counter</stat>
</suite>
</statistics>
<errors>
</errors>
</robot>
