<?xml version="1.0" encoding="UTF-8"?>
<robot generator="Robot 6.1.1 (Python 3.10.12 on linux)" generated="20231118 12:03:35.273" rpa="false" schemaversion="4">
<suite id="s1" name="Tests" source="/home/turunenv/koulu/ohtu/ohtu-s23-palautukset/viikko3/web-login/src/tests">
<suite id="s1-s1" name="Home" source="/home/turunenv/koulu/ohtu/ohtu-s23-palautukset/viikko3/web-login/src/tests/home.robot">
<kw name="Open And Configure Browser" library="resource" type="SETUP">
<kw name="Evaluate" library="BuiltIn">
<var>${options}</var>
<arg>sys.modules['selenium.webdriver'].ChromeOptions()</arg>
<arg>sys</arg>
<doc>Evaluates the given expression in Python and returns the result.</doc>
<msg timestamp="20231118 12:03:35.405" level="INFO">${options} = &lt;selenium.webdriver.chrome.options.Options object at 0x7fb7b653d450&gt;</msg>
<status status="PASS" starttime="20231118 12:03:35.404" endtime="20231118 12:03:35.405"/>
</kw>
<kw name="Call Method" library="BuiltIn">
<arg>${options}</arg>
<arg>add_argument</arg>
<arg>--headless</arg>
<doc>Calls the named method of the given object with the provided arguments.</doc>
<status status="PASS" starttime="20231118 12:03:35.405" endtime="20231118 12:03:35.405"/>
</kw>
<kw name="Open Browser" library="SeleniumLibrary">
<arg>browser=chrome</arg>
<arg>options=${options}</arg>
<doc>Opens a new browser instance to the optional ``url``.</doc>
<msg timestamp="20231118 12:03:35.406" level="INFO">Opening browser 'chrome' to base url 'None'.</msg>
<status status="PASS" starttime="20231118 12:03:35.405" endtime="20231118 12:03:36.198"/>
</kw>
<kw name="Set Selenium Speed" library="SeleniumLibrary">
<arg>${DELAY}</arg>
<doc>Sets the delay that is waited after each Selenium command.</doc>
<status status="PASS" starttime="20231118 12:03:36.198" endtime="20231118 12:03:36.198"/>
</kw>
<status status="PASS" starttime="20231118 12:03:35.404" endtime="20231118 12:03:36.198"/>
</kw>
<test id="s1-s1-t1" name="Click Login Link" line="8">
<kw name="Go To Starting Page" library="resource" type="SETUP">
<kw name="Go To" library="SeleniumLibrary">
<arg>${HOME_URL}</arg>
<doc>Navigates the current browser window to the provided ``url``.</doc>
<msg timestamp="20231118 12:03:36.200" level="INFO">Opening url 'http://localhost:5001'</msg>
<status status="PASS" starttime="20231118 12:03:36.200" endtime="20231118 12:03:36.288"/>
</kw>
<status status="PASS" starttime="20231118 12:03:36.199" endtime="20231118 12:03:36.288"/>
</kw>
<kw name="Click Link" library="SeleniumLibrary">
<arg>Login</arg>
<doc>Clicks a link identified by ``locator``.</doc>
<msg timestamp="20231118 12:03:36.289" level="INFO">Clicking link 'Login'.</msg>
<status status="PASS" starttime="20231118 12:03:36.288" endtime="20231118 12:03:36.385"/>
</kw>
<kw name="Login Page Should Be Open" library="resource">
<kw name="Title Should Be" library="SeleniumLibrary">
<arg>Login</arg>
<doc>Verifies that the current page title equals ``title``.</doc>
<msg timestamp="20231118 12:03:36.396" level="INFO">Page title is 'Login'.</msg>
<status status="PASS" starttime="20231118 12:03:36.386" endtime="20231118 12:03:36.396"/>
</kw>
<status status="PASS" starttime="20231118 12:03:36.386" endtime="20231118 12:03:36.396"/>
</kw>
<status status="PASS" starttime="20231118 12:03:36.198" endtime="20231118 12:03:36.396"/>
</test>
<test id="s1-s1-t2" name="Click Register Link" line="12">
<kw name="Go To Starting Page" library="resource" type="SETUP">
<kw name="Go To" library="SeleniumLibrary">
<arg>${HOME_URL}</arg>
<doc>Navigates the current browser window to the provided ``url``.</doc>
<msg timestamp="20231118 12:03:36.397" level="INFO">Opening url 'http://localhost:5001'</msg>
<status status="PASS" starttime="20231118 12:03:36.397" endtime="20231118 12:03:36.416"/>
</kw>
<status status="PASS" starttime="20231118 12:03:36.397" endtime="20231118 12:03:36.416"/>
</kw>
<kw name="Click Link" library="SeleniumLibrary">
<arg>Register new user</arg>
<doc>Clicks a link identified by ``locator``.</doc>
<msg timestamp="20231118 12:03:36.417" level="INFO">Clicking link 'Register new user'.</msg>
<status status="PASS" starttime="20231118 12:03:36.417" endtime="20231118 12:03:36.521"/>
</kw>
<kw name="Register Page Should Be Open" library="resource">
<kw name="Title Should Be" library="SeleniumLibrary">
<arg>Register</arg>
<doc>Verifies that the current page title equals ``title``.</doc>
<msg timestamp="20231118 12:03:36.532" level="INFO">Page title is 'Register'.</msg>
<status status="PASS" starttime="20231118 12:03:36.522" endtime="20231118 12:03:36.532"/>
</kw>
<status status="PASS" starttime="20231118 12:03:36.522" endtime="20231118 12:03:36.533"/>
</kw>
<status status="PASS" starttime="20231118 12:03:36.397" endtime="20231118 12:03:36.533"/>
</test>
<kw name="Close Browser" library="SeleniumLibrary" type="TEARDOWN">
<doc>Closes the current browser.</doc>
<status status="PASS" starttime="20231118 12:03:36.534" endtime="20231118 12:03:36.646"/>
</kw>
<status status="PASS" starttime="20231118 12:03:35.285" endtime="20231118 12:03:36.646"/>
</suite>
<suite id="s1-s2" name="Login" source="/home/turunenv/koulu/ohtu/ohtu-s23-palautukset/viikko3/web-login/src/tests/login.robot">
<kw name="Open And Configure Browser" library="resource" type="SETUP">
<kw name="Evaluate" library="BuiltIn">
<var>${options}</var>
<arg>sys.modules['selenium.webdriver'].ChromeOptions()</arg>
<arg>sys</arg>
<doc>Evaluates the given expression in Python and returns the result.</doc>
<msg timestamp="20231118 12:03:36.652" level="INFO">${options} = &lt;selenium.webdriver.chrome.options.Options object at 0x7fb7b6250fa0&gt;</msg>
<status status="PASS" starttime="20231118 12:03:36.652" endtime="20231118 12:03:36.652"/>
</kw>
<kw name="Call Method" library="BuiltIn">
<arg>${options}</arg>
<arg>add_argument</arg>
<arg>--headless</arg>
<doc>Calls the named method of the given object with the provided arguments.</doc>
<status status="PASS" starttime="20231118 12:03:36.652" endtime="20231118 12:03:36.653"/>
</kw>
<kw name="Open Browser" library="SeleniumLibrary">
<arg>browser=chrome</arg>
<arg>options=${options}</arg>
<doc>Opens a new browser instance to the optional ``url``.</doc>
<msg timestamp="20231118 12:03:36.653" level="INFO">Opening browser 'chrome' to base url 'None'.</msg>
<status status="PASS" starttime="20231118 12:03:36.653" endtime="20231118 12:03:37.344"/>
</kw>
<kw name="Set Selenium Speed" library="SeleniumLibrary">
<arg>${DELAY}</arg>
<doc>Sets the delay that is waited after each Selenium command.</doc>
<status status="PASS" starttime="20231118 12:03:37.345" endtime="20231118 12:03:37.345"/>
</kw>
<status status="PASS" starttime="20231118 12:03:36.652" endtime="20231118 12:03:37.345"/>
</kw>
<test id="s1-s2-t1" name="Login With Correct Credentials" line="8">
<kw name="Create User And Go To Login Page" type="SETUP">
<kw name="Create User" library="AppLibrary">
<arg>kalle</arg>
<arg>kalle123</arg>
<status status="PASS" starttime="20231118 12:03:37.346" endtime="20231118 12:03:37.365"/>
</kw>
<kw name="Go To Login Page" library="resource">
<kw name="Go To" library="SeleniumLibrary">
<arg>${LOGIN_URL}</arg>
<doc>Navigates the current browser window to the provided ``url``.</doc>
<msg timestamp="20231118 12:03:37.367" level="INFO">Opening url 'http://localhost:5001/login'</msg>
<status status="PASS" starttime="20231118 12:03:37.366" endtime="20231118 12:03:37.488"/>
</kw>
<status status="PASS" starttime="20231118 12:03:37.366" endtime="20231118 12:03:37.488"/>
</kw>
<kw name="Login Page Should Be Open" library="resource">
<kw name="Title Should Be" library="SeleniumLibrary">
<arg>Login</arg>
<doc>Verifies that the current page title equals ``title``.</doc>
<msg timestamp="20231118 12:03:37.501" level="INFO">Page title is 'Login'.</msg>
<status status="PASS" starttime="20231118 12:03:37.489" endtime="20231118 12:03:37.501"/>
</kw>
<status status="PASS" starttime="20231118 12:03:37.488" endtime="20231118 12:03:37.501"/>
</kw>
<status status="PASS" starttime="20231118 12:03:37.346" endtime="20231118 12:03:37.501"/>
</kw>
<kw name="Set Username">
<arg>kalle</arg>
<kw name="Input Text" library="SeleniumLibrary">
<arg>username</arg>
<arg>${username}</arg>
<doc>Types the given ``text`` into the text field identified by ``locator``.</doc>
<msg timestamp="20231118 12:03:37.502" level="INFO">Typing text 'kalle' into text field 'username'.</msg>
<status status="PASS" starttime="20231118 12:03:37.502" endtime="20231118 12:03:37.671"/>
</kw>
<status status="PASS" starttime="20231118 12:03:37.501" endtime="20231118 12:03:37.671"/>
</kw>
<kw name="Set Password">
<arg>kalle123</arg>
<kw name="Input Password" library="SeleniumLibrary">
<arg>password</arg>
<arg>${password}</arg>
<doc>Types the given password into the text field identified by ``locator``.</doc>
<msg timestamp="20231118 12:03:37.672" level="INFO">Typing password into text field 'password'.</msg>
<msg timestamp="20231118 12:03:37.737" level="INFO">Temporally setting log level to: NONE</msg>
<msg timestamp="20231118 12:03:37.825" level="INFO">Log level changed from NONE to INFO.</msg>
<status status="PASS" starttime="20231118 12:03:37.672" endtime="20231118 12:03:37.825"/>
</kw>
<status status="PASS" starttime="20231118 12:03:37.672" endtime="20231118 12:03:37.826"/>
</kw>
<kw name="Submit Credentials">
<kw name="Click Button" library="SeleniumLibrary">
<arg>Login</arg>
<doc>Clicks the button identified by ``locator``.</doc>
<msg timestamp="20231118 12:03:37.826" level="INFO">Clicking button 'Login'.</msg>
<status status="PASS" starttime="20231118 12:03:37.826" endtime="20231118 12:03:37.945"/>
</kw>
<status status="PASS" starttime="20231118 12:03:37.826" endtime="20231118 12:03:37.945"/>
</kw>
<kw name="Login Should Succeed">
<kw name="Main Page Should Be Open" library="resource">
<kw name="Title Should Be" library="SeleniumLibrary">
<arg>Ohtu Application main page</arg>
<doc>Verifies that the current page title equals ``title``.</doc>
<msg timestamp="20231118 12:03:37.956" level="INFO">Page title is 'Ohtu Application main page'.</msg>
<status status="PASS" starttime="20231118 12:03:37.945" endtime="20231118 12:03:37.956"/>
</kw>
<status status="PASS" starttime="20231118 12:03:37.945" endtime="20231118 12:03:37.956"/>
</kw>
<status status="PASS" starttime="20231118 12:03:37.945" endtime="20231118 12:03:37.956"/>
</kw>
<status status="PASS" starttime="20231118 12:03:37.345" endtime="20231118 12:03:37.956"/>
</test>
<test id="s1-s2-t2" name="Login With Incorrect Password" line="14">
<kw name="Create User And Go To Login Page" type="SETUP">
<kw name="Create User" library="AppLibrary">
<arg>kalle</arg>
<arg>kalle123</arg>
<status status="PASS" starttime="20231118 12:03:37.958" endtime="20231118 12:03:37.970"/>
</kw>
<kw name="Go To Login Page" library="resource">
<kw name="Go To" library="SeleniumLibrary">
<arg>${LOGIN_URL}</arg>
<doc>Navigates the current browser window to the provided ``url``.</doc>
<msg timestamp="20231118 12:03:37.971" level="INFO">Opening url 'http://localhost:5001/login'</msg>
<status status="PASS" starttime="20231118 12:03:37.970" endtime="20231118 12:03:37.989"/>
</kw>
<status status="PASS" starttime="20231118 12:03:37.970" endtime="20231118 12:03:37.989"/>
</kw>
<kw name="Login Page Should Be Open" library="resource">
<kw name="Title Should Be" library="SeleniumLibrary">
<arg>Login</arg>
<doc>Verifies that the current page title equals ``title``.</doc>
<msg timestamp="20231118 12:03:38.002" level="INFO">Page title is 'Login'.</msg>
<status status="PASS" starttime="20231118 12:03:37.991" endtime="20231118 12:03:38.002"/>
</kw>
<status status="PASS" starttime="20231118 12:03:37.990" endtime="20231118 12:03:38.002"/>
</kw>
<status status="PASS" starttime="20231118 12:03:37.957" endtime="20231118 12:03:38.002"/>
</kw>
<kw name="Set Username">
<arg>kalle</arg>
<kw name="Input Text" library="SeleniumLibrary">
<arg>username</arg>
<arg>${username}</arg>
<doc>Types the given ``text`` into the text field identified by ``locator``.</doc>
<msg timestamp="20231118 12:03:38.004" level="INFO">Typing text 'kalle' into text field 'username'.</msg>
<status status="PASS" starttime="20231118 12:03:38.003" endtime="20231118 12:03:38.101"/>
</kw>
<status status="PASS" starttime="20231118 12:03:38.003" endtime="20231118 12:03:38.101"/>
</kw>
<kw name="Set Password">
<arg>kalle456</arg>
<kw name="Input Password" library="SeleniumLibrary">
<arg>password</arg>
<arg>${password}</arg>
<doc>Types the given password into the text field identified by ``locator``.</doc>
<msg timestamp="20231118 12:03:38.102" level="INFO">Typing password into text field 'password'.</msg>
<msg timestamp="20231118 12:03:38.152" level="INFO">Temporally setting log level to: NONE</msg>
<msg timestamp="20231118 12:03:38.235" level="INFO">Log level changed from NONE to INFO.</msg>
<status status="PASS" starttime="20231118 12:03:38.102" endtime="20231118 12:03:38.235"/>
</kw>
<status status="PASS" starttime="20231118 12:03:38.101" endtime="20231118 12:03:38.235"/>
</kw>
<kw name="Submit Credentials">
<kw name="Click Button" library="SeleniumLibrary">
<arg>Login</arg>
<doc>Clicks the button identified by ``locator``.</doc>
<msg timestamp="20231118 12:03:38.236" level="INFO">Clicking button 'Login'.</msg>
<status status="PASS" starttime="20231118 12:03:38.236" endtime="20231118 12:03:38.342"/>
</kw>
<status status="PASS" starttime="20231118 12:03:38.235" endtime="20231118 12:03:38.342"/>
</kw>
<kw name="Login Should Fail With Message">
<arg>Invalid username or password</arg>
<kw name="Login Page Should Be Open" library="resource">
<kw name="Title Should Be" library="SeleniumLibrary">
<arg>Login</arg>
<doc>Verifies that the current page title equals ``title``.</doc>
<msg timestamp="20231118 12:03:38.354" level="INFO">Page title is 'Login'.</msg>
<status status="PASS" starttime="20231118 12:03:38.343" endtime="20231118 12:03:38.355"/>
</kw>
<status status="PASS" starttime="20231118 12:03:38.343" endtime="20231118 12:03:38.355"/>
</kw>
<kw name="Page Should Contain" library="SeleniumLibrary">
<arg>${message}</arg>
<doc>Verifies that current page contains ``text``.</doc>
<msg timestamp="20231118 12:03:38.378" level="INFO">Current page contains text 'Invalid username or password'.</msg>
<status status="PASS" starttime="20231118 12:03:38.355" endtime="20231118 12:03:38.378"/>
</kw>
<status status="PASS" starttime="20231118 12:03:38.343" endtime="20231118 12:03:38.378"/>
</kw>
<status status="PASS" starttime="20231118 12:03:37.957" endtime="20231118 12:03:38.378"/>
</test>
<test id="s1-s2-t3" name="Login With Nonexistent Username" line="20">
<kw name="Create User And Go To Login Page" type="SETUP">
<kw name="Create User" library="AppLibrary">
<arg>kalle</arg>
<arg>kalle123</arg>
<status status="PASS" starttime="20231118 12:03:38.379" endtime="20231118 12:03:38.389"/>
</kw>
<kw name="Go To Login Page" library="resource">
<kw name="Go To" library="SeleniumLibrary">
<arg>${LOGIN_URL}</arg>
<doc>Navigates the current browser window to the provided ``url``.</doc>
<msg timestamp="20231118 12:03:38.390" level="INFO">Opening url 'http://localhost:5001/login'</msg>
<status status="PASS" starttime="20231118 12:03:38.390" endtime="20231118 12:03:38.407"/>
</kw>
<status status="PASS" starttime="20231118 12:03:38.389" endtime="20231118 12:03:38.407"/>
</kw>
<kw name="Login Page Should Be Open" library="resource">
<kw name="Title Should Be" library="SeleniumLibrary">
<arg>Login</arg>
<doc>Verifies that the current page title equals ``title``.</doc>
<msg timestamp="20231118 12:03:38.421" level="INFO">Page title is 'Login'.</msg>
<status status="PASS" starttime="20231118 12:03:38.408" endtime="20231118 12:03:38.421"/>
</kw>
<status status="PASS" starttime="20231118 12:03:38.407" endtime="20231118 12:03:38.421"/>
</kw>
<status status="PASS" starttime="20231118 12:03:38.379" endtime="20231118 12:03:38.421"/>
</kw>
<kw name="Set Username">
<arg>nonantti</arg>
<kw name="Input Text" library="SeleniumLibrary">
<arg>username</arg>
<arg>${username}</arg>
<doc>Types the given ``text`` into the text field identified by ``locator``.</doc>
<msg timestamp="20231118 12:03:38.423" level="INFO">Typing text 'nonantti' into text field 'username'.</msg>
<status status="PASS" starttime="20231118 12:03:38.422" endtime="20231118 12:03:38.577"/>
</kw>
<status status="PASS" starttime="20231118 12:03:38.422" endtime="20231118 12:03:38.577"/>
</kw>
<kw name="Set Password">
<arg>antti123</arg>
<kw name="Input Password" library="SeleniumLibrary">
<arg>password</arg>
<arg>${password}</arg>
<doc>Types the given password into the text field identified by ``locator``.</doc>
<msg timestamp="20231118 12:03:38.579" level="INFO">Typing password into text field 'password'.</msg>
<msg timestamp="20231118 12:03:38.644" level="INFO">Temporally setting log level to: NONE</msg>
<msg timestamp="20231118 12:03:38.732" level="INFO">Log level changed from NONE to INFO.</msg>
<status status="PASS" starttime="20231118 12:03:38.578" endtime="20231118 12:03:38.732"/>
</kw>
<status status="PASS" starttime="20231118 12:03:38.578" endtime="20231118 12:03:38.732"/>
</kw>
<kw name="Submit Credentials">
<kw name="Click Button" library="SeleniumLibrary">
<arg>Login</arg>
<doc>Clicks the button identified by ``locator``.</doc>
<msg timestamp="20231118 12:03:38.733" level="INFO">Clicking button 'Login'.</msg>
<status status="PASS" starttime="20231118 12:03:38.733" endtime="20231118 12:03:38.842"/>
</kw>
<status status="PASS" starttime="20231118 12:03:38.733" endtime="20231118 12:03:38.842"/>
</kw>
<kw name="Login Should Fail With Message">
<arg>Invalid username or password</arg>
<kw name="Login Page Should Be Open" library="resource">
<kw name="Title Should Be" library="SeleniumLibrary">
<arg>Login</arg>
<doc>Verifies that the current page title equals ``title``.</doc>
<msg timestamp="20231118 12:03:38.855" level="INFO">Page title is 'Login'.</msg>
<status status="PASS" starttime="20231118 12:03:38.843" endtime="20231118 12:03:38.855"/>
</kw>
<status status="PASS" starttime="20231118 12:03:38.843" endtime="20231118 12:03:38.855"/>
</kw>
<kw name="Page Should Contain" library="SeleniumLibrary">
<arg>${message}</arg>
<doc>Verifies that current page contains ``text``.</doc>
<msg timestamp="20231118 12:03:38.876" level="INFO">Current page contains text 'Invalid username or password'.</msg>
<status status="PASS" starttime="20231118 12:03:38.855" endtime="20231118 12:03:38.876"/>
</kw>
<status status="PASS" starttime="20231118 12:03:38.843" endtime="20231118 12:03:38.876"/>
</kw>
<status status="PASS" starttime="20231118 12:03:38.378" endtime="20231118 12:03:38.876"/>
</test>
<kw name="Close Browser" library="SeleniumLibrary" type="TEARDOWN">
<doc>Closes the current browser.</doc>
<status status="PASS" starttime="20231118 12:03:38.877" endtime="20231118 12:03:38.934"/>
</kw>
<status status="PASS" starttime="20231118 12:03:36.648" endtime="20231118 12:03:38.934"/>
</suite>
<suite id="s1-s3" name="Register" source="/home/turunenv/koulu/ohtu/ohtu-s23-palautukset/viikko3/web-login/src/tests/register.robot">
<kw name="Open And Configure Browser" library="resource" type="SETUP">
<kw name="Evaluate" library="BuiltIn">
<var>${options}</var>
<arg>sys.modules['selenium.webdriver'].ChromeOptions()</arg>
<arg>sys</arg>
<doc>Evaluates the given expression in Python and returns the result.</doc>
<msg timestamp="20231118 12:03:38.938" level="INFO">${options} = &lt;selenium.webdriver.chrome.options.Options object at 0x7fb7b6251810&gt;</msg>
<status status="PASS" starttime="20231118 12:03:38.937" endtime="20231118 12:03:38.938"/>
</kw>
<kw name="Call Method" library="BuiltIn">
<arg>${options}</arg>
<arg>add_argument</arg>
<arg>--headless</arg>
<doc>Calls the named method of the given object with the provided arguments.</doc>
<status status="PASS" starttime="20231118 12:03:38.938" endtime="20231118 12:03:38.938"/>
</kw>
<kw name="Open Browser" library="SeleniumLibrary">
<arg>browser=chrome</arg>
<arg>options=${options}</arg>
<doc>Opens a new browser instance to the optional ``url``.</doc>
<msg timestamp="20231118 12:03:38.938" level="INFO">Opening browser 'chrome' to base url 'None'.</msg>
<status status="PASS" starttime="20231118 12:03:38.938" endtime="20231118 12:03:39.616"/>
</kw>
<kw name="Set Selenium Speed" library="SeleniumLibrary">
<arg>${DELAY}</arg>
<doc>Sets the delay that is waited after each Selenium command.</doc>
<status status="PASS" starttime="20231118 12:03:39.616" endtime="20231118 12:03:39.617"/>
</kw>
<status status="PASS" starttime="20231118 12:03:38.937" endtime="20231118 12:03:39.617"/>
</kw>
<test id="s1-s3-t1" name="Register With Valid Username And Password" line="9">
<kw name="Create User And Go To Register Page" type="SETUP">
<kw name="Create User" library="AppLibrary">
<arg>kalle</arg>
<arg>kalle123</arg>
<status status="PASS" starttime="20231118 12:03:39.617" endtime="20231118 12:03:39.626"/>
</kw>
<kw name="Go To Register Page" library="resource">
<kw name="Go To" library="SeleniumLibrary">
<arg>${REGISTER_URL}</arg>
<doc>Navigates the current browser window to the provided ``url``.</doc>
<msg timestamp="20231118 12:03:39.627" level="INFO">Opening url 'http://localhost:5001/register'</msg>
<status status="PASS" starttime="20231118 12:03:39.627" endtime="20231118 12:03:39.705"/>
</kw>
<status status="PASS" starttime="20231118 12:03:39.626" endtime="20231118 12:03:39.705"/>
</kw>
<kw name="Register Page Should Be Open" library="resource">
<kw name="Title Should Be" library="SeleniumLibrary">
<arg>Register</arg>
<doc>Verifies that the current page title equals ``title``.</doc>
<msg timestamp="20231118 12:03:39.710" level="INFO">Page title is 'Register'.</msg>
<status status="PASS" starttime="20231118 12:03:39.705" endtime="20231118 12:03:39.710"/>
</kw>
<status status="PASS" starttime="20231118 12:03:39.705" endtime="20231118 12:03:39.711"/>
</kw>
<status status="PASS" starttime="20231118 12:03:39.617" endtime="20231118 12:03:39.711"/>
</kw>
<kw name="Set Username">
<arg>ville</arg>
<kw name="Input Text" library="SeleniumLibrary">
<arg>username</arg>
<arg>${username}</arg>
<doc>Types the given ``text`` into the text field identified by ``locator``.</doc>
<msg timestamp="20231118 12:03:39.711" level="INFO">Typing text 'ville' into text field 'username'.</msg>
<status status="PASS" starttime="20231118 12:03:39.711" endtime="20231118 12:03:39.856"/>
</kw>
<status status="PASS" starttime="20231118 12:03:39.711" endtime="20231118 12:03:39.856"/>
</kw>
<kw name="Set Password">
<arg>ville123</arg>
<kw name="Input Password" library="SeleniumLibrary">
<arg>password</arg>
<arg>${password}</arg>
<doc>Types the given password into the text field identified by ``locator``.</doc>
<msg timestamp="20231118 12:03:39.857" level="INFO">Typing password into text field 'password'.</msg>
<msg timestamp="20231118 12:03:39.923" level="INFO">Temporally setting log level to: NONE</msg>
<msg timestamp="20231118 12:03:40.008" level="INFO">Log level changed from NONE to INFO.</msg>
<status status="PASS" starttime="20231118 12:03:39.856" endtime="20231118 12:03:40.008"/>
</kw>
<status status="PASS" starttime="20231118 12:03:39.856" endtime="20231118 12:03:40.008"/>
</kw>
<kw name="Set Password Confirmation">
<arg>ville123</arg>
<kw name="Input Password" library="SeleniumLibrary">
<arg>password_confirmation</arg>
<arg>${password}</arg>
<doc>Types the given password into the text field identified by ``locator``.</doc>
<msg timestamp="20231118 12:03:40.009" level="INFO">Typing password into text field 'password_confirmation'.</msg>
<msg timestamp="20231118 12:03:40.074" level="INFO">Temporally setting log level to: NONE</msg>
<msg timestamp="20231118 12:03:40.112" level="INFO">Log level changed from NONE to INFO.</msg>
<status status="PASS" starttime="20231118 12:03:40.009" endtime="20231118 12:03:40.112"/>
</kw>
<status status="PASS" starttime="20231118 12:03:40.009" endtime="20231118 12:03:40.112"/>
</kw>
<kw name="Submit Credentials">
<kw name="Click Button" library="SeleniumLibrary">
<arg>Register</arg>
<doc>Clicks the button identified by ``locator``.</doc>
<msg timestamp="20231118 12:03:40.113" level="INFO">Clicking button 'Register'.</msg>
<status status="PASS" starttime="20231118 12:03:40.112" endtime="20231118 12:03:40.210"/>
</kw>
<status status="PASS" starttime="20231118 12:03:40.112" endtime="20231118 12:03:40.210"/>
</kw>
<kw name="Register Should Succeed">
<kw name="Welcome Page Should Be Open" library="resource">
<kw name="Title Should Be" library="SeleniumLibrary">
<arg>Welcome to Ohtu Application!</arg>
<doc>Verifies that the current page title equals ``title``.</doc>
<msg timestamp="20231118 12:03:40.222" level="INFO">Page title is 'Welcome to Ohtu Application!'.</msg>
<status status="PASS" starttime="20231118 12:03:40.211" endtime="20231118 12:03:40.222"/>
</kw>
<status status="PASS" starttime="20231118 12:03:40.210" endtime="20231118 12:03:40.222"/>
</kw>
<status status="PASS" starttime="20231118 12:03:40.210" endtime="20231118 12:03:40.222"/>
</kw>
<kw name="Reset Application" library="AppLibrary" type="TEARDOWN">
<status status="PASS" starttime="20231118 12:03:40.222" endtime="20231118 12:03:40.226"/>
</kw>
<status status="PASS" starttime="20231118 12:03:39.617" endtime="20231118 12:03:40.226"/>
</test>
<test id="s1-s3-t2" name="Register With Too Short Username And Valid Password" line="16">
<kw name="Create User And Go To Register Page" type="SETUP">
<kw name="Create User" library="AppLibrary">
<arg>kalle</arg>
<arg>kalle123</arg>
<status status="PASS" starttime="20231118 12:03:40.227" endtime="20231118 12:03:40.239"/>
</kw>
<kw name="Go To Register Page" library="resource">
<kw name="Go To" library="SeleniumLibrary">
<arg>${REGISTER_URL}</arg>
<doc>Navigates the current browser window to the provided ``url``.</doc>
<msg timestamp="20231118 12:03:40.239" level="INFO">Opening url 'http://localhost:5001/register'</msg>
<status status="PASS" starttime="20231118 12:03:40.239" endtime="20231118 12:03:40.258"/>
</kw>
<status status="PASS" starttime="20231118 12:03:40.239" endtime="20231118 12:03:40.258"/>
</kw>
<kw name="Register Page Should Be Open" library="resource">
<kw name="Title Should Be" library="SeleniumLibrary">
<arg>Register</arg>
<doc>Verifies that the current page title equals ``title``.</doc>
<msg timestamp="20231118 12:03:40.271" level="INFO">Page title is 'Register'.</msg>
<status status="PASS" starttime="20231118 12:03:40.258" endtime="20231118 12:03:40.271"/>
</kw>
<status status="PASS" starttime="20231118 12:03:40.258" endtime="20231118 12:03:40.271"/>
</kw>
<status status="PASS" starttime="20231118 12:03:40.227" endtime="20231118 12:03:40.271"/>
</kw>
<kw name="Set Username">
<arg>aa</arg>
<kw name="Input Text" library="SeleniumLibrary">
<arg>username</arg>
<arg>${username}</arg>
<doc>Types the given ``text`` into the text field identified by ``locator``.</doc>
<msg timestamp="20231118 12:03:40.272" level="INFO">Typing text 'aa' into text field 'username'.</msg>
<status status="PASS" starttime="20231118 12:03:40.272" endtime="20231118 12:03:40.415"/>
</kw>
<status status="PASS" starttime="20231118 12:03:40.271" endtime="20231118 12:03:40.415"/>
</kw>
<kw name="Set Password">
<arg>ville123</arg>
<kw name="Input Password" library="SeleniumLibrary">
<arg>password</arg>
<arg>${password}</arg>
<doc>Types the given password into the text field identified by ``locator``.</doc>
<msg timestamp="20231118 12:03:40.416" level="INFO">Typing password into text field 'password'.</msg>
<msg timestamp="20231118 12:03:40.479" level="INFO">Temporally setting log level to: NONE</msg>
<msg timestamp="20231118 12:03:40.568" level="INFO">Log level changed from NONE to INFO.</msg>
<status status="PASS" starttime="20231118 12:03:40.416" endtime="20231118 12:03:40.568"/>
</kw>
<status status="PASS" starttime="20231118 12:03:40.416" endtime="20231118 12:03:40.568"/>
</kw>
<kw name="Set Password Confirmation">
<arg>ville123</arg>
<kw name="Input Password" library="SeleniumLibrary">
<arg>password_confirmation</arg>
<arg>${password}</arg>
<doc>Types the given password into the text field identified by ``locator``.</doc>
<msg timestamp="20231118 12:03:40.569" level="INFO">Typing password into text field 'password_confirmation'.</msg>
<msg timestamp="20231118 12:03:40.644" level="INFO">Temporally setting log level to: NONE</msg>
<msg timestamp="20231118 12:03:40.723" level="INFO">Log level changed from NONE to INFO.</msg>
<status status="PASS" starttime="20231118 12:03:40.568" endtime="20231118 12:03:40.723"/>
</kw>
<status status="PASS" starttime="20231118 12:03:40.568" endtime="20231118 12:03:40.723"/>
</kw>
<kw name="Submit Credentials">
<kw name="Click Button" library="SeleniumLibrary">
<arg>Register</arg>
<doc>Clicks the button identified by ``locator``.</doc>
<msg timestamp="20231118 12:03:40.724" level="INFO">Clicking button 'Register'.</msg>
<status status="PASS" starttime="20231118 12:03:40.724" endtime="20231118 12:03:40.814"/>
</kw>
<status status="PASS" starttime="20231118 12:03:40.723" endtime="20231118 12:03:40.814"/>
</kw>
<kw name="Register Should Fail With Message">
<arg>Username should be at least 3 characters long (a-z)</arg>
<kw name="Register Page Should Be Open" library="resource">
<kw name="Title Should Be" library="SeleniumLibrary">
<arg>Register</arg>
<doc>Verifies that the current page title equals ``title``.</doc>
<msg timestamp="20231118 12:03:40.825" level="INFO">Page title is 'Register'.</msg>
<status status="PASS" starttime="20231118 12:03:40.815" endtime="20231118 12:03:40.825"/>
</kw>
<status status="PASS" starttime="20231118 12:03:40.815" endtime="20231118 12:03:40.825"/>
</kw>
<kw name="Page Should Contain" library="SeleniumLibrary">
<arg>${message}</arg>
<doc>Verifies that current page contains ``text``.</doc>
<msg timestamp="20231118 12:03:40.849" level="INFO">Current page contains text 'Username should be at least 3 characters long (a-z)'.</msg>
<status status="PASS" starttime="20231118 12:03:40.826" endtime="20231118 12:03:40.849"/>
</kw>
<status status="PASS" starttime="20231118 12:03:40.814" endtime="20231118 12:03:40.849"/>
</kw>
<kw name="Reset Application" library="AppLibrary" type="TEARDOWN">
<status status="PASS" starttime="20231118 12:03:40.849" endtime="20231118 12:03:40.852"/>
</kw>
<status status="PASS" starttime="20231118 12:03:40.226" endtime="20231118 12:03:40.852"/>
</test>
<test id="s1-s3-t3" name="Register With Valid Username And Invalid Password" line="23">
<kw name="Create User And Go To Register Page" type="SETUP">
<kw name="Create User" library="AppLibrary">
<arg>kalle</arg>
<arg>kalle123</arg>
<status status="PASS" starttime="20231118 12:03:40.853" endtime="20231118 12:03:40.862"/>
</kw>
<kw name="Go To Register Page" library="resource">
<kw name="Go To" library="SeleniumLibrary">
<arg>${REGISTER_URL}</arg>
<doc>Navigates the current browser window to the provided ``url``.</doc>
<msg timestamp="20231118 12:03:40.862" level="INFO">Opening url 'http://localhost:5001/register'</msg>
<status status="PASS" starttime="20231118 12:03:40.862" endtime="20231118 12:03:40.883"/>
</kw>
<status status="PASS" starttime="20231118 12:03:40.862" endtime="20231118 12:03:40.883"/>
</kw>
<kw name="Register Page Should Be Open" library="resource">
<kw name="Title Should Be" library="SeleniumLibrary">
<arg>Register</arg>
<doc>Verifies that the current page title equals ``title``.</doc>
<msg timestamp="20231118 12:03:40.894" level="INFO">Page title is 'Register'.</msg>
<status status="PASS" starttime="20231118 12:03:40.883" endtime="20231118 12:03:40.894"/>
</kw>
<status status="PASS" starttime="20231118 12:03:40.883" endtime="20231118 12:03:40.894"/>
</kw>
<status status="PASS" starttime="20231118 12:03:40.853" endtime="20231118 12:03:40.894"/>
</kw>
<kw name="Set Username">
<arg>allu</arg>
<kw name="Input Text" library="SeleniumLibrary">
<arg>username</arg>
<arg>${username}</arg>
<doc>Types the given ``text`` into the text field identified by ``locator``.</doc>
<msg timestamp="20231118 12:03:40.896" level="INFO">Typing text 'allu' into text field 'username'.</msg>
<status status="PASS" starttime="20231118 12:03:40.895" endtime="20231118 12:03:41.042"/>
</kw>
<status status="PASS" starttime="20231118 12:03:40.895" endtime="20231118 12:03:41.042"/>
</kw>
<kw name="Set Password">
<arg>allu11</arg>
<kw name="Input Password" library="SeleniumLibrary">
<arg>password</arg>
<arg>${password}</arg>
<doc>Types the given password into the text field identified by ``locator``.</doc>
<msg timestamp="20231118 12:03:41.043" level="INFO">Typing password into text field 'password'.</msg>
<msg timestamp="20231118 12:03:41.108" level="INFO">Temporally setting log level to: NONE</msg>
<msg timestamp="20231118 12:03:41.197" level="INFO">Log level changed from NONE to INFO.</msg>
<status status="PASS" starttime="20231118 12:03:41.043" endtime="20231118 12:03:41.197"/>
</kw>
<status status="PASS" starttime="20231118 12:03:41.042" endtime="20231118 12:03:41.197"/>
</kw>
<kw name="Set Password Confirmation">
<arg>allu11</arg>
<kw name="Input Password" library="SeleniumLibrary">
<arg>password_confirmation</arg>
<arg>${password}</arg>
<doc>Types the given password into the text field identified by ``locator``.</doc>
<msg timestamp="20231118 12:03:41.198" level="INFO">Typing password into text field 'password_confirmation'.</msg>
<msg timestamp="20231118 12:03:41.257" level="INFO">Temporally setting log level to: NONE</msg>
<msg timestamp="20231118 12:03:41.341" level="INFO">Log level changed from NONE to INFO.</msg>
<status status="PASS" starttime="20231118 12:03:41.197" endtime="20231118 12:03:41.341"/>
</kw>
<status status="PASS" starttime="20231118 12:03:41.197" endtime="20231118 12:03:41.341"/>
</kw>
<kw name="Submit Credentials">
<kw name="Click Button" library="SeleniumLibrary">
<arg>Register</arg>
<doc>Clicks the button identified by ``locator``.</doc>
<msg timestamp="20231118 12:03:41.342" level="INFO">Clicking button 'Register'.</msg>
<status status="PASS" starttime="20231118 12:03:41.342" endtime="20231118 12:03:41.448"/>
</kw>
<status status="PASS" starttime="20231118 12:03:41.341" endtime="20231118 12:03:41.449"/>
</kw>
<kw name="Register Should Fail With Message">
<arg>Password should be at least 8 characters and not only letters</arg>
<kw name="Register Page Should Be Open" library="resource">
<kw name="Title Should Be" library="SeleniumLibrary">
<arg>Register</arg>
<doc>Verifies that the current page title equals ``title``.</doc>
<msg timestamp="20231118 12:03:41.459" level="INFO">Page title is 'Register'.</msg>
<status status="PASS" starttime="20231118 12:03:41.449" endtime="20231118 12:03:41.459"/>
</kw>
<status status="PASS" starttime="20231118 12:03:41.449" endtime="20231118 12:03:41.459"/>
</kw>
<kw name="Page Should Contain" library="SeleniumLibrary">
<arg>${message}</arg>
<doc>Verifies that current page contains ``text``.</doc>
<msg timestamp="20231118 12:03:41.482" level="INFO">Current page contains text 'Password should be at least 8 characters and not only letters'.</msg>
<status status="PASS" starttime="20231118 12:03:41.459" endtime="20231118 12:03:41.482"/>
</kw>
<status status="PASS" starttime="20231118 12:03:41.449" endtime="20231118 12:03:41.483"/>
</kw>
<kw name="Reset Application" library="AppLibrary" type="TEARDOWN">
<status status="PASS" starttime="20231118 12:03:41.483" endtime="20231118 12:03:41.485"/>
</kw>
<status status="PASS" starttime="20231118 12:03:40.853" endtime="20231118 12:03:41.486"/>
</test>
<test id="s1-s3-t4" name="Register With Nonmatching Password And Password Confirmation" line="30">
<kw name="Create User And Go To Register Page" type="SETUP">
<kw name="Create User" library="AppLibrary">
<arg>kalle</arg>
<arg>kalle123</arg>
<status status="PASS" starttime="20231118 12:03:41.487" endtime="20231118 12:03:41.495"/>
</kw>
<kw name="Go To Register Page" library="resource">
<kw name="Go To" library="SeleniumLibrary">
<arg>${REGISTER_URL}</arg>
<doc>Navigates the current browser window to the provided ``url``.</doc>
<msg timestamp="20231118 12:03:41.496" level="INFO">Opening url 'http://localhost:5001/register'</msg>
<status status="PASS" starttime="20231118 12:03:41.496" endtime="20231118 12:03:41.518"/>
</kw>
<status status="PASS" starttime="20231118 12:03:41.495" endtime="20231118 12:03:41.518"/>
</kw>
<kw name="Register Page Should Be Open" library="resource">
<kw name="Title Should Be" library="SeleniumLibrary">
<arg>Register</arg>
<doc>Verifies that the current page title equals ``title``.</doc>
<msg timestamp="20231118 12:03:41.530" level="INFO">Page title is 'Register'.</msg>
<status status="PASS" starttime="20231118 12:03:41.519" endtime="20231118 12:03:41.530"/>
</kw>
<status status="PASS" starttime="20231118 12:03:41.518" endtime="20231118 12:03:41.530"/>
</kw>
<status status="PASS" starttime="20231118 12:03:41.486" endtime="20231118 12:03:41.530"/>
</kw>
<kw name="Set Username">
<arg>allu</arg>
<kw name="Input Text" library="SeleniumLibrary">
<arg>username</arg>
<arg>${username}</arg>
<doc>Types the given ``text`` into the text field identified by ``locator``.</doc>
<msg timestamp="20231118 12:03:41.531" level="INFO">Typing text 'allu' into text field 'username'.</msg>
<status status="PASS" starttime="20231118 12:03:41.531" endtime="20231118 12:03:41.681"/>
</kw>
<status status="PASS" starttime="20231118 12:03:41.530" endtime="20231118 12:03:41.681"/>
</kw>
<kw name="Set Password">
<arg>allu1111</arg>
<kw name="Input Password" library="SeleniumLibrary">
<arg>password</arg>
<arg>${password}</arg>
<doc>Types the given password into the text field identified by ``locator``.</doc>
<msg timestamp="20231118 12:03:41.682" level="INFO">Typing password into text field 'password'.</msg>
<msg timestamp="20231118 12:03:41.745" level="INFO">Temporally setting log level to: NONE</msg>
<msg timestamp="20231118 12:03:41.834" level="INFO">Log level changed from NONE to INFO.</msg>
<status status="PASS" starttime="20231118 12:03:41.681" endtime="20231118 12:03:41.834"/>
</kw>
<status status="PASS" starttime="20231118 12:03:41.681" endtime="20231118 12:03:41.834"/>
</kw>
<kw name="Set Password Confirmation">
<arg>allu2222</arg>
<kw name="Input Password" library="SeleniumLibrary">
<arg>password_confirmation</arg>
<arg>${password}</arg>
<doc>Types the given password into the text field identified by ``locator``.</doc>
<msg timestamp="20231118 12:03:41.835" level="INFO">Typing password into text field 'password_confirmation'.</msg>
<msg timestamp="20231118 12:03:41.899" level="INFO">Temporally setting log level to: NONE</msg>
<msg timestamp="20231118 12:03:41.985" level="INFO">Log level changed from NONE to INFO.</msg>
<status status="PASS" starttime="20231118 12:03:41.834" endtime="20231118 12:03:41.985"/>
</kw>
<status status="PASS" starttime="20231118 12:03:41.834" endtime="20231118 12:03:41.985"/>
</kw>
<kw name="Submit Credentials">
<kw name="Click Button" library="SeleniumLibrary">
<arg>Register</arg>
<doc>Clicks the button identified by ``locator``.</doc>
<msg timestamp="20231118 12:03:41.986" level="INFO">Clicking button 'Register'.</msg>
<status status="PASS" starttime="20231118 12:03:41.986" endtime="20231118 12:03:42.096"/>
</kw>
<status status="PASS" starttime="20231118 12:03:41.985" endtime="20231118 12:03:42.097"/>
</kw>
<kw name="Register Should Fail With Message">
<arg>Password and password confirmation did not match</arg>
<kw name="Register Page Should Be Open" library="resource">
<kw name="Title Should Be" library="SeleniumLibrary">
<arg>Register</arg>
<doc>Verifies that the current page title equals ``title``.</doc>
<msg timestamp="20231118 12:03:42.108" level="INFO">Page title is 'Register'.</msg>
<status status="PASS" starttime="20231118 12:03:42.097" endtime="20231118 12:03:42.108"/>
</kw>
<status status="PASS" starttime="20231118 12:03:42.097" endtime="20231118 12:03:42.108"/>
</kw>
<kw name="Page Should Contain" library="SeleniumLibrary">
<arg>${message}</arg>
<doc>Verifies that current page contains ``text``.</doc>
<msg timestamp="20231118 12:03:42.133" level="INFO">Current page contains text 'Password and password confirmation did not match'.</msg>
<status status="PASS" starttime="20231118 12:03:42.108" endtime="20231118 12:03:42.133"/>
</kw>
<status status="PASS" starttime="20231118 12:03:42.097" endtime="20231118 12:03:42.133"/>
</kw>
<kw name="Reset Application" library="AppLibrary" type="TEARDOWN">
<status status="PASS" starttime="20231118 12:03:42.133" endtime="20231118 12:03:42.137"/>
</kw>
<status status="PASS" starttime="20231118 12:03:41.486" endtime="20231118 12:03:42.137"/>
</test>
<kw name="Close Browser" library="SeleniumLibrary" type="TEARDOWN">
<doc>Closes the current browser.</doc>
<status status="PASS" starttime="20231118 12:03:42.138" endtime="20231118 12:03:42.196"/>
</kw>
<status status="PASS" starttime="20231118 12:03:38.935" endtime="20231118 12:03:42.196"/>
</suite>
<status status="PASS" starttime="20231118 12:03:35.273" endtime="20231118 12:03:42.198"/>
</suite>
<statistics>
<total>
<stat pass="9" fail="0" skip="0">All Tests</stat>
</total>
<tag>
</tag>
<suite>
<stat pass="9" fail="0" skip="0" id="s1" name="Tests">Tests</stat>
<stat pass="2" fail="0" skip="0" id="s1-s1" name="Home">Tests.Home</stat>
<stat pass="3" fail="0" skip="0" id="s1-s2" name="Login">Tests.Login</stat>
<stat pass="4" fail="0" skip="0" id="s1-s3" name="Register">Tests.Register</stat>
</suite>
</statistics>
<errors>
</errors>
</robot>
