<?xml version="1.0" encoding="UTF-8"?>
<robot generator="Robot 6.1.1 (Python 3.10.12 on linux)" generated="20231115 16:36:18.933" rpa="false" schemaversion="4">
<suite id="s1" name="Tests" source="/home/turunenv/koulu/ohtu/ohtu-s23-palautukset/viikko3/login-robot/src/tests">
<suite id="s1-s1" name="Login" source="/home/turunenv/koulu/ohtu/ohtu-s23-palautukset/viikko3/login-robot/src/tests/login.robot">
<test id="s1-s1-t1" name="Login With Correct Credentials" line="6">
<kw name="Create User And Input Login Command" type="SETUP">
<kw name="Create User" library="AppLibrary">
<arg>kalle</arg>
<arg>kalle123</arg>
<status status="PASS" starttime="20231115 16:36:18.948" endtime="20231115 16:36:18.948"/>
</kw>
<kw name="Input Login Command" library="resource">
<kw name="Input" library="AppLibrary">
<arg>login</arg>
<status status="PASS" starttime="20231115 16:36:18.948" endtime="20231115 16:36:18.949"/>
</kw>
<status status="PASS" starttime="20231115 16:36:18.948" endtime="20231115 16:36:18.949"/>
</kw>
<status status="PASS" starttime="20231115 16:36:18.948" endtime="20231115 16:36:18.949"/>
</kw>
<kw name="Input Credentials" library="resource">
<arg>kalle</arg>
<arg>kalle123</arg>
<kw name="Input" library="AppLibrary">
<arg>${username}</arg>
<status status="PASS" starttime="20231115 16:36:18.949" endtime="20231115 16:36:18.949"/>
</kw>
<kw name="Input" library="AppLibrary">
<arg>${password}</arg>
<status status="PASS" starttime="20231115 16:36:18.949" endtime="20231115 16:36:18.949"/>
</kw>
<kw name="Run Application" library="AppLibrary">
<status status="PASS" starttime="20231115 16:36:18.949" endtime="20231115 16:36:18.949"/>
</kw>
<status status="PASS" starttime="20231115 16:36:18.949" endtime="20231115 16:36:18.949"/>
</kw>
<kw name="Output Should Contain" library="AppLibrary">
<arg>Logged in</arg>
<status status="PASS" starttime="20231115 16:36:18.949" endtime="20231115 16:36:18.949"/>
</kw>
<status status="PASS" starttime="20231115 16:36:18.948" endtime="20231115 16:36:18.950"/>
</test>
<test id="s1-s1-t2" name="Login With Incorrect password" line="10">
<kw name="Create User And Input Login Command" type="SETUP">
<kw name="Create User" library="AppLibrary">
<arg>kalle</arg>
<arg>kalle123</arg>
<status status="PASS" starttime="20231115 16:36:18.950" endtime="20231115 16:36:18.950"/>
</kw>
<kw name="Input Login Command" library="resource">
<kw name="Input" library="AppLibrary">
<arg>login</arg>
<status status="PASS" starttime="20231115 16:36:18.950" endtime="20231115 16:36:18.950"/>
</kw>
<status status="PASS" starttime="20231115 16:36:18.950" endtime="20231115 16:36:18.950"/>
</kw>
<status status="PASS" starttime="20231115 16:36:18.950" endtime="20231115 16:36:18.950"/>
</kw>
<kw name="Input Credentials" library="resource">
<arg>kalle</arg>
<arg>kalle</arg>
<kw name="Input" library="AppLibrary">
<arg>${username}</arg>
<status status="PASS" starttime="20231115 16:36:18.951" endtime="20231115 16:36:18.951"/>
</kw>
<kw name="Input" library="AppLibrary">
<arg>${password}</arg>
<status status="PASS" starttime="20231115 16:36:18.951" endtime="20231115 16:36:18.951"/>
</kw>
<kw name="Run Application" library="AppLibrary">
<status status="PASS" starttime="20231115 16:36:18.951" endtime="20231115 16:36:18.951"/>
</kw>
<status status="PASS" starttime="20231115 16:36:18.951" endtime="20231115 16:36:18.951"/>
</kw>
<kw name="Output Should Contain" library="AppLibrary">
<arg>Invalid username or password</arg>
<status status="PASS" starttime="20231115 16:36:18.951" endtime="20231115 16:36:18.951"/>
</kw>
<status status="PASS" starttime="20231115 16:36:18.950" endtime="20231115 16:36:18.951"/>
</test>
<test id="s1-s1-t3" name="Login With Nonexistent username" line="14">
<kw name="Create User And Input Login Command" type="SETUP">
<kw name="Create User" library="AppLibrary">
<arg>kalle</arg>
<arg>kalle123</arg>
<status status="PASS" starttime="20231115 16:36:18.952" endtime="20231115 16:36:18.952"/>
</kw>
<kw name="Input Login Command" library="resource">
<kw name="Input" library="AppLibrary">
<arg>login</arg>
<status status="PASS" starttime="20231115 16:36:18.952" endtime="20231115 16:36:18.952"/>
</kw>
<status status="PASS" starttime="20231115 16:36:18.952" endtime="20231115 16:36:18.952"/>
</kw>
<status status="PASS" starttime="20231115 16:36:18.952" endtime="20231115 16:36:18.952"/>
</kw>
<kw name="Input Credentials" library="resource">
<arg>ville</arg>
<arg>ville123</arg>
<kw name="Input" library="AppLibrary">
<arg>${username}</arg>
<status status="PASS" starttime="20231115 16:36:18.953" endtime="20231115 16:36:18.953"/>
</kw>
<kw name="Input" library="AppLibrary">
<arg>${password}</arg>
<status status="PASS" starttime="20231115 16:36:18.953" endtime="20231115 16:36:18.953"/>
</kw>
<kw name="Run Application" library="AppLibrary">
<status status="PASS" starttime="20231115 16:36:18.953" endtime="20231115 16:36:18.953"/>
</kw>
<status status="PASS" starttime="20231115 16:36:18.952" endtime="20231115 16:36:18.953"/>
</kw>
<kw name="Output Should Contain" library="AppLibrary">
<arg>Invalid username or password</arg>
<status status="PASS" starttime="20231115 16:36:18.953" endtime="20231115 16:36:18.953"/>
</kw>
<status status="PASS" starttime="20231115 16:36:18.951" endtime="20231115 16:36:18.953"/>
</test>
<status status="PASS" starttime="20231115 16:36:18.944" endtime="20231115 16:36:18.954"/>
</suite>
<status status="PASS" starttime="20231115 16:36:18.934" endtime="20231115 16:36:18.954"/>
</suite>
<statistics>
<total>
<stat pass="3" fail="0" skip="0">All Tests</stat>
</total>
<tag>
</tag>
<suite>
<stat pass="3" fail="0" skip="0" id="s1" name="Tests">Tests</stat>
<stat pass="3" fail="0" skip="0" id="s1-s1" name="Login">Tests.Login</stat>
</suite>
</statistics>
<errors>
</errors>
</robot>
