<?xml version="1.0" encoding="UTF-8"?>
<robot generator="Robot 6.1.1 (Python 3.10.12 on linux)" generated="20231115 17:19:06.498" rpa="false" schemaversion="4">
<suite id="s1" name="Tests" source="/home/turunenv/koulu/ohtu/ohtu-s23-palautukset/viikko3/login-robot/src/tests">
<suite id="s1-s1" name="Login" source="/home/turunenv/koulu/ohtu/ohtu-s23-palautukset/viikko3/login-robot/src/tests/login.robot">
<test id="s1-s1-t1" name="Login With Correct Credentials" line="6">
<kw name="Create User And Input Login Command" type="SETUP">
<kw name="Create User" library="AppLibrary">
<arg>kalle</arg>
<arg>kalle123</arg>
<status status="PASS" starttime="20231115 17:19:06.514" endtime="20231115 17:19:06.514"/>
</kw>
<kw name="Input Login Command" library="resource">
<kw name="Input" library="AppLibrary">
<arg>login</arg>
<status status="PASS" starttime="20231115 17:19:06.514" endtime="20231115 17:19:06.514"/>
</kw>
<status status="PASS" starttime="20231115 17:19:06.514" endtime="20231115 17:19:06.514"/>
</kw>
<status status="PASS" starttime="20231115 17:19:06.514" endtime="20231115 17:19:06.514"/>
</kw>
<kw name="Input Credentials" library="resource">
<arg>kalle</arg>
<arg>kalle123</arg>
<kw name="Input" library="AppLibrary">
<arg>${username}</arg>
<status status="PASS" starttime="20231115 17:19:06.515" endtime="20231115 17:19:06.515"/>
</kw>
<kw name="Input" library="AppLibrary">
<arg>${password}</arg>
<status status="PASS" starttime="20231115 17:19:06.515" endtime="20231115 17:19:06.515"/>
</kw>
<kw name="Run Application" library="AppLibrary">
<status status="PASS" starttime="20231115 17:19:06.515" endtime="20231115 17:19:06.515"/>
</kw>
<status status="PASS" starttime="20231115 17:19:06.514" endtime="20231115 17:19:06.515"/>
</kw>
<kw name="Output Should Contain" library="AppLibrary">
<arg>Logged in</arg>
<status status="PASS" starttime="20231115 17:19:06.515" endtime="20231115 17:19:06.515"/>
</kw>
<status status="PASS" starttime="20231115 17:19:06.513" endtime="20231115 17:19:06.516"/>
</test>
<test id="s1-s1-t2" name="Login With Incorrect password" line="10">
<kw name="Create User And Input Login Command" type="SETUP">
<kw name="Create User" library="AppLibrary">
<arg>kalle</arg>
<arg>kalle123</arg>
<status status="PASS" starttime="20231115 17:19:06.516" endtime="20231115 17:19:06.516"/>
</kw>
<kw name="Input Login Command" library="resource">
<kw name="Input" library="AppLibrary">
<arg>login</arg>
<status status="PASS" starttime="20231115 17:19:06.516" endtime="20231115 17:19:06.516"/>
</kw>
<status status="PASS" starttime="20231115 17:19:06.516" endtime="20231115 17:19:06.517"/>
</kw>
<status status="PASS" starttime="20231115 17:19:06.516" endtime="20231115 17:19:06.517"/>
</kw>
<kw name="Input Credentials" library="resource">
<arg>kalle</arg>
<arg>kalle</arg>
<kw name="Input" library="AppLibrary">
<arg>${username}</arg>
<status status="PASS" starttime="20231115 17:19:06.517" endtime="20231115 17:19:06.517"/>
</kw>
<kw name="Input" library="AppLibrary">
<arg>${password}</arg>
<status status="PASS" starttime="20231115 17:19:06.517" endtime="20231115 17:19:06.517"/>
</kw>
<kw name="Run Application" library="AppLibrary">
<status status="PASS" starttime="20231115 17:19:06.517" endtime="20231115 17:19:06.517"/>
</kw>
<status status="PASS" starttime="20231115 17:19:06.517" endtime="20231115 17:19:06.517"/>
</kw>
<kw name="Output Should Contain" library="AppLibrary">
<arg>Invalid username or password</arg>
<status status="PASS" starttime="20231115 17:19:06.517" endtime="20231115 17:19:06.517"/>
</kw>
<status status="PASS" starttime="20231115 17:19:06.516" endtime="20231115 17:19:06.517"/>
</test>
<test id="s1-s1-t3" name="Login With Nonexistent username" line="14">
<kw name="Create User And Input Login Command" type="SETUP">
<kw name="Create User" library="AppLibrary">
<arg>kalle</arg>
<arg>kalle123</arg>
<status status="PASS" starttime="20231115 17:19:06.518" endtime="20231115 17:19:06.518"/>
</kw>
<kw name="Input Login Command" library="resource">
<kw name="Input" library="AppLibrary">
<arg>login</arg>
<status status="PASS" starttime="20231115 17:19:06.518" endtime="20231115 17:19:06.518"/>
</kw>
<status status="PASS" starttime="20231115 17:19:06.518" endtime="20231115 17:19:06.518"/>
</kw>
<status status="PASS" starttime="20231115 17:19:06.518" endtime="20231115 17:19:06.518"/>
</kw>
<kw name="Input Credentials" library="resource">
<arg>ville</arg>
<arg>ville123</arg>
<kw name="Input" library="AppLibrary">
<arg>${username}</arg>
<status status="PASS" starttime="20231115 17:19:06.519" endtime="20231115 17:19:06.519"/>
</kw>
<kw name="Input" library="AppLibrary">
<arg>${password}</arg>
<status status="PASS" starttime="20231115 17:19:06.519" endtime="20231115 17:19:06.519"/>
</kw>
<kw name="Run Application" library="AppLibrary">
<status status="PASS" starttime="20231115 17:19:06.519" endtime="20231115 17:19:06.519"/>
</kw>
<status status="PASS" starttime="20231115 17:19:06.519" endtime="20231115 17:19:06.519"/>
</kw>
<kw name="Output Should Contain" library="AppLibrary">
<arg>Invalid username or password</arg>
<status status="PASS" starttime="20231115 17:19:06.519" endtime="20231115 17:19:06.519"/>
</kw>
<status status="PASS" starttime="20231115 17:19:06.518" endtime="20231115 17:19:06.520"/>
</test>
<status status="PASS" starttime="20231115 17:19:06.510" endtime="20231115 17:19:06.520"/>
</suite>
<suite id="s1-s2" name="Register" source="/home/turunenv/koulu/ohtu/ohtu-s23-palautukset/viikko3/login-robot/src/tests/register.robot">
<test id="s1-s2-t1" name="Register With Valid Username And Password" line="6">
<kw name="Create User And Input New Command" type="SETUP">
<kw name="Create User" library="AppLibrary">
<arg>ville</arg>
<arg>ville123</arg>
<status status="PASS" starttime="20231115 17:19:06.522" endtime="20231115 17:19:06.522"/>
</kw>
<kw name="Input New Command" library="resource">
<kw name="Input" library="AppLibrary">
<arg>new</arg>
<status status="PASS" starttime="20231115 17:19:06.522" endtime="20231115 17:19:06.523"/>
</kw>
<status status="PASS" starttime="20231115 17:19:06.522" endtime="20231115 17:19:06.523"/>
</kw>
<status status="PASS" starttime="20231115 17:19:06.522" endtime="20231115 17:19:06.523"/>
</kw>
<kw name="Input Credentials" library="resource">
<arg>janne</arg>
<arg>janne123</arg>
<kw name="Input" library="AppLibrary">
<arg>${username}</arg>
<status status="PASS" starttime="20231115 17:19:06.523" endtime="20231115 17:19:06.523"/>
</kw>
<kw name="Input" library="AppLibrary">
<arg>${password}</arg>
<status status="PASS" starttime="20231115 17:19:06.523" endtime="20231115 17:19:06.523"/>
</kw>
<kw name="Run Application" library="AppLibrary">
<status status="PASS" starttime="20231115 17:19:06.523" endtime="20231115 17:19:06.523"/>
</kw>
<status status="PASS" starttime="20231115 17:19:06.523" endtime="20231115 17:19:06.523"/>
</kw>
<kw name="Output Should Contain" library="AppLibrary">
<arg>New user registered</arg>
<status status="PASS" starttime="20231115 17:19:06.523" endtime="20231115 17:19:06.524"/>
</kw>
<status status="PASS" starttime="20231115 17:19:06.522" endtime="20231115 17:19:06.524"/>
</test>
<test id="s1-s2-t2" name="Register With Already Taken Username And Valid Password" line="10">
<kw name="Create User And Input New Command" type="SETUP">
<kw name="Create User" library="AppLibrary">
<arg>ville</arg>
<arg>ville123</arg>
<status status="PASS" starttime="20231115 17:19:06.524" endtime="20231115 17:19:06.524"/>
</kw>
<kw name="Input New Command" library="resource">
<kw name="Input" library="AppLibrary">
<arg>new</arg>
<status status="PASS" starttime="20231115 17:19:06.525" endtime="20231115 17:19:06.525"/>
</kw>
<status status="PASS" starttime="20231115 17:19:06.525" endtime="20231115 17:19:06.525"/>
</kw>
<status status="PASS" starttime="20231115 17:19:06.524" endtime="20231115 17:19:06.525"/>
</kw>
<kw name="Input Credentials" library="resource">
<arg>ville</arg>
<arg>password111</arg>
<kw name="Input" library="AppLibrary">
<arg>${username}</arg>
<status status="PASS" starttime="20231115 17:19:06.525" endtime="20231115 17:19:06.525"/>
</kw>
<kw name="Input" library="AppLibrary">
<arg>${password}</arg>
<status status="PASS" starttime="20231115 17:19:06.525" endtime="20231115 17:19:06.525"/>
</kw>
<kw name="Run Application" library="AppLibrary">
<status status="PASS" starttime="20231115 17:19:06.525" endtime="20231115 17:19:06.525"/>
</kw>
<status status="PASS" starttime="20231115 17:19:06.525" endtime="20231115 17:19:06.525"/>
</kw>
<kw name="Output Should Contain" library="AppLibrary">
<arg>User with username ville already exists</arg>
<status status="PASS" starttime="20231115 17:19:06.526" endtime="20231115 17:19:06.526"/>
</kw>
<status status="PASS" starttime="20231115 17:19:06.524" endtime="20231115 17:19:06.526"/>
</test>
<test id="s1-s2-t3" name="Register With Too Short Username And Valid Password" line="14">
<kw name="Create User And Input New Command" type="SETUP">
<kw name="Create User" library="AppLibrary">
<arg>ville</arg>
<arg>ville123</arg>
<status status="PASS" starttime="20231115 17:19:06.526" endtime="20231115 17:19:06.527"/>
</kw>
<kw name="Input New Command" library="resource">
<kw name="Input" library="AppLibrary">
<arg>new</arg>
<status status="PASS" starttime="20231115 17:19:06.527" endtime="20231115 17:19:06.527"/>
</kw>
<status status="PASS" starttime="20231115 17:19:06.527" endtime="20231115 17:19:06.527"/>
</kw>
<status status="PASS" starttime="20231115 17:19:06.526" endtime="20231115 17:19:06.527"/>
</kw>
<kw name="Input Credentials" library="resource">
<arg>aa</arg>
<arg>validpw123</arg>
<kw name="Input" library="AppLibrary">
<arg>${username}</arg>
<status status="PASS" starttime="20231115 17:19:06.527" endtime="20231115 17:19:06.527"/>
</kw>
<kw name="Input" library="AppLibrary">
<arg>${password}</arg>
<status status="PASS" starttime="20231115 17:19:06.527" endtime="20231115 17:19:06.527"/>
</kw>
<kw name="Run Application" library="AppLibrary">
<status status="PASS" starttime="20231115 17:19:06.527" endtime="20231115 17:19:06.527"/>
</kw>
<status status="PASS" starttime="20231115 17:19:06.527" endtime="20231115 17:19:06.527"/>
</kw>
<kw name="Output Should Contain" library="AppLibrary">
<arg>Username should be at least 3 characters long (a-z)</arg>
<status status="PASS" starttime="20231115 17:19:06.528" endtime="20231115 17:19:06.528"/>
</kw>
<status status="PASS" starttime="20231115 17:19:06.526" endtime="20231115 17:19:06.528"/>
</test>
<test id="s1-s2-t4" name="Register With Long Enough But Invalid Username And Valid Password" line="18">
<kw name="Create User And Input New Command" type="SETUP">
<kw name="Create User" library="AppLibrary">
<arg>ville</arg>
<arg>ville123</arg>
<status status="PASS" starttime="20231115 17:19:06.528" endtime="20231115 17:19:06.528"/>
</kw>
<kw name="Input New Command" library="resource">
<kw name="Input" library="AppLibrary">
<arg>new</arg>
<status status="PASS" starttime="20231115 17:19:06.529" endtime="20231115 17:19:06.529"/>
</kw>
<status status="PASS" starttime="20231115 17:19:06.528" endtime="20231115 17:19:06.529"/>
</kw>
<status status="PASS" starttime="20231115 17:19:06.528" endtime="20231115 17:19:06.529"/>
</kw>
<kw name="Input Credentials" library="resource">
<arg>aa1aa</arg>
<arg>validpw123</arg>
<kw name="Input" library="AppLibrary">
<arg>${username}</arg>
<status status="PASS" starttime="20231115 17:19:06.529" endtime="20231115 17:19:06.529"/>
</kw>
<kw name="Input" library="AppLibrary">
<arg>${password}</arg>
<status status="PASS" starttime="20231115 17:19:06.529" endtime="20231115 17:19:06.529"/>
</kw>
<kw name="Run Application" library="AppLibrary">
<status status="PASS" starttime="20231115 17:19:06.529" endtime="20231115 17:19:06.530"/>
</kw>
<status status="PASS" starttime="20231115 17:19:06.529" endtime="20231115 17:19:06.530"/>
</kw>
<kw name="Output Should Contain" library="AppLibrary">
<arg>Username should be at least 3 characters long (a-z)</arg>
<status status="PASS" starttime="20231115 17:19:06.530" endtime="20231115 17:19:06.530"/>
</kw>
<status status="PASS" starttime="20231115 17:19:06.528" endtime="20231115 17:19:06.530"/>
</test>
<test id="s1-s2-t5" name="Register With Valid Username And Too Short Password" line="22">
<kw name="Create User And Input New Command" type="SETUP">
<kw name="Create User" library="AppLibrary">
<arg>ville</arg>
<arg>ville123</arg>
<status status="PASS" starttime="20231115 17:19:06.530" endtime="20231115 17:19:06.531"/>
</kw>
<kw name="Input New Command" library="resource">
<kw name="Input" library="AppLibrary">
<arg>new</arg>
<status status="PASS" starttime="20231115 17:19:06.531" endtime="20231115 17:19:06.531"/>
</kw>
<status status="PASS" starttime="20231115 17:19:06.531" endtime="20231115 17:19:06.531"/>
</kw>
<status status="PASS" starttime="20231115 17:19:06.530" endtime="20231115 17:19:06.531"/>
</kw>
<kw name="Input Credentials" library="resource">
<arg>hessu</arg>
<arg>short1</arg>
<kw name="Input" library="AppLibrary">
<arg>${username}</arg>
<status status="PASS" starttime="20231115 17:19:06.531" endtime="20231115 17:19:06.531"/>
</kw>
<kw name="Input" library="AppLibrary">
<arg>${password}</arg>
<status status="PASS" starttime="20231115 17:19:06.531" endtime="20231115 17:19:06.531"/>
</kw>
<kw name="Run Application" library="AppLibrary">
<status status="PASS" starttime="20231115 17:19:06.531" endtime="20231115 17:19:06.531"/>
</kw>
<status status="PASS" starttime="20231115 17:19:06.531" endtime="20231115 17:19:06.532"/>
</kw>
<kw name="Output Should Contain" library="AppLibrary">
<arg>Password should be at least 8 characters long and not consist of only letters</arg>
<status status="PASS" starttime="20231115 17:19:06.532" endtime="20231115 17:19:06.532"/>
</kw>
<status status="PASS" starttime="20231115 17:19:06.530" endtime="20231115 17:19:06.532"/>
</test>
<test id="s1-s2-t6" name="Register With Valid Username And Long Enough Password Containing Only Letters" line="26">
<kw name="Create User And Input New Command" type="SETUP">
<kw name="Create User" library="AppLibrary">
<arg>ville</arg>
<arg>ville123</arg>
<status status="PASS" starttime="20231115 17:19:06.533" endtime="20231115 17:19:06.533"/>
</kw>
<kw name="Input New Command" library="resource">
<kw name="Input" library="AppLibrary">
<arg>new</arg>
<status status="PASS" starttime="20231115 17:19:06.533" endtime="20231115 17:19:06.533"/>
</kw>
<status status="PASS" starttime="20231115 17:19:06.533" endtime="20231115 17:19:06.533"/>
</kw>
<status status="PASS" starttime="20231115 17:19:06.532" endtime="20231115 17:19:06.533"/>
</kw>
<kw name="Input Credentials" library="resource">
<arg>hessu</arg>
<arg>onlylettershere</arg>
<kw name="Input" library="AppLibrary">
<arg>${username}</arg>
<status status="PASS" starttime="20231115 17:19:06.533" endtime="20231115 17:19:06.534"/>
</kw>
<kw name="Input" library="AppLibrary">
<arg>${password}</arg>
<status status="PASS" starttime="20231115 17:19:06.534" endtime="20231115 17:19:06.534"/>
</kw>
<kw name="Run Application" library="AppLibrary">
<status status="PASS" starttime="20231115 17:19:06.534" endtime="20231115 17:19:06.534"/>
</kw>
<status status="PASS" starttime="20231115 17:19:06.533" endtime="20231115 17:19:06.534"/>
</kw>
<kw name="Output Should Contain" library="AppLibrary">
<arg>Password should be at least 8 characters long and not consist of only letters</arg>
<status status="PASS" starttime="20231115 17:19:06.534" endtime="20231115 17:19:06.534"/>
</kw>
<status status="PASS" starttime="20231115 17:19:06.532" endtime="20231115 17:19:06.534"/>
</test>
<status status="PASS" starttime="20231115 17:19:06.520" endtime="20231115 17:19:06.534"/>
</suite>
<status status="PASS" starttime="20231115 17:19:06.499" endtime="20231115 17:19:06.535"/>
</suite>
<statistics>
<total>
<stat pass="9" fail="0" skip="0">All Tests</stat>
</total>
<tag>
</tag>
<suite>
<stat pass="9" fail="0" skip="0" id="s1" name="Tests">Tests</stat>
<stat pass="3" fail="0" skip="0" id="s1-s1" name="Login">Tests.Login</stat>
<stat pass="6" fail="0" skip="0" id="s1-s2" name="Register">Tests.Register</stat>
</suite>
</statistics>
<errors>
</errors>
</robot>
